<?xml version="1.0" encoding="UTF-8"?>
<!-- Generated by org.testng.reporters.JUnitReportReporter -->
<testsuite hostname="ASUS" failures="0" tests="4" name="TestNG.example_Grouping" time="0.022" errors="0" timestamp="2025-06-07T18:19:58 IST" skipped="0">
  <testcase classname="TestNG.example_Grouping" name="TC2" time="0.003">
    <system-out>
      <![CDATA[Running test case TC2]]>
    </system-out>
  </testcase> <!-- TC2 -->
  <testcase classname="TestNG.example_Grouping" name="TC5" time="0.003">
    <system-out>
      <![CDATA[Running test case TC5]]>
    </system-out>
  </testcase> <!-- TC5 -->
  <testcase classname="TestNG.example_Grouping" name="TC6" time="0.002">
    <system-out>
      <![CDATA[Running test case TC6]]>
    </system-out>
  </testcase> <!-- TC6 -->
  <testcase classname="TestNG.example_Grouping" name="TC1" time="0.014">
    <system-out>
      <![CDATA[Running test case TC1]]>
    </system-out>
  </testcase> <!-- TC1 -->
  <system-out>
    <![CDATA[Running test case TC1
Running test case TC2
Running test case TC5
Running test case TC6
Running test case TC1
Running test case TC2
Running test case TC5
Running test case TC6]]>
  </system-out>
</testsuite> <!-- TestNG.example_Grouping -->
