<?xml version="1.0" encoding="UTF-8"?>
<!-- Generated by org.testng.reporters.JUnitReportReporter -->
<testsuite hostname="ASUS" failures="0" tests="3" name="TestNG.Keword_invocationCount" time="0.016" errors="0" timestamp="2025-06-07T13:10:15 IST" skipped="0">
  <testcase classname="TestNG.Keword_invocationCount" name="TC1" time="0.003">
    <system-out>
      <![CDATA[Open Browser]]>
    </system-out>
  </testcase> <!-- TC1 -->
  <testcase classname="TestNG.Keword_invocationCount" name="TC1" time="0.003">
    <system-out>
      <![CDATA[Open Browser]]>
    </system-out>
  </testcase> <!-- TC1 -->
  <testcase classname="TestNG.Keword_invocationCount" name="TC1" time="0.010">
    <system-out>
      <![CDATA[Open Browser]]>
    </system-out>
  </testcase> <!-- TC1 -->
  <system-out>
    <![CDATA[Open Browser
Open Browser
Open Browser]]>
  </system-out>
</testsuite> <!-- TestNG.Keword_invocationCount -->
