<?xml version="1.0" encoding="UTF-8"?>
<!-- Generated by org.testng.reporters.JUnitReportReporter -->
<testsuite hostname="ASUS" failures="0" tests="1" name="TestNG.Example2_WittTestNg" time="5.479" errors="0" timestamp="2025-06-07T09:34:14 IST" skipped="0">
  <testcase classname="TestNG.Example2_WittTestNg" name="openBrowser" time="5.479"/>
</testsuite> <!-- TestNG.Example2_WittTestNg -->
