<?xml version="1.0" encoding="UTF-8"?>
<!-- Generated by org.testng.reporters.JUnitReportReporter -->
<testsuite hostname="ASUS" failures="0" tests="1" name="TestNG.Example12_parallels_execution_2" time="16.572" errors="0" timestamp="2025-06-07T18:55:53 IST" skipped="0">
  <testcase classname="TestNG.Example12_parallels_execution_2" name="openGoogle" time="16.572"/>
</testsuite> <!-- TestNG.Example12_parallels_execution_2 -->
