<?xml version="1.0" encoding="UTF-8"?>
<!-- Generated by org.testng.reporters.JUnitReportReporter -->
<testsuite hostname="ASUS" failures="0" tests="6" name="TestNG.example_Suite_FailedXMLFile" time="0.031" errors="0" timestamp="2025-06-07T17:38:46 IST" skipped="0">
  <testcase classname="TestNG.example_Suite_FailedXMLFile" name="TC5" time="0.003">
    <system-out>
      <![CDATA[Running test case TC5]]>
    </system-out>
  </testcase> <!-- TC5 -->
  <testcase classname="TestNG.example_Suite_FailedXMLFile" name="TC3" time="0.002">
    <system-out>
      <![CDATA[Running test case TC3]]>
    </system-out>
  </testcase> <!-- TC3 -->
  <testcase classname="TestNG.example_Suite_FailedXMLFile" name="TC4" time="0.003">
    <system-out>
      <![CDATA[Running test case TC4]]>
    </system-out>
  </testcase> <!-- TC4 -->
  <testcase classname="TestNG.example_Suite_FailedXMLFile" name="TC6" time="0.001">
    <system-out>
      <![CDATA[Running test case TC6]]>
    </system-out>
  </testcase> <!-- TC6 -->
  <testcase classname="TestNG.example_Suite_FailedXMLFile" name="TC2" time="0.003">
    <system-out>
      <![CDATA[Running test case TC2]]>
    </system-out>
  </testcase> <!-- TC2 -->
  <testcase classname="TestNG.example_Suite_FailedXMLFile" name="TC1" time="0.019">
    <system-out>
      <![CDATA[Running test case TC1]]>
    </system-out>
  </testcase> <!-- TC1 -->
  <system-out>
    <![CDATA[Running test case TC1
Running test case TC2
Running test case TC3
Running test case TC4
Running test case TC5
Running test case TC6]]>
  </system-out>
</testsuite> <!-- TestNG.example_Suite_FailedXMLFile -->
