<?xml version="1.0" encoding="UTF-8"?>
<!-- Generated by org.testng.reporters.JUnitReportReporter -->
<testsuite hostname="ASUS" failures="0" tests="3" name="TestNG.Eamialbl_Report" time="0.018" errors="0" timestamp="2025-06-07T09:40:30 IST" skipped="0">
  <testcase classname="TestNG.Eamialbl_Report" name="TC2" time="0.000">
    <system-out>
      <![CDATA[Test Case Pass]]>
    </system-out>
  </testcase> <!-- TC2 -->
  <testcase classname="TestNG.Eamialbl_Report" name="TC1" time="0.011">
    <system-out>
      <![CDATA[Test Case Pass]]>
    </system-out>
  </testcase> <!-- TC1 -->
  <testcase classname="TestNG.Eamialbl_Report" name="TC3" time="0.007">
    <system-out>
      <![CDATA[Test Case Pass]]>
    </system-out>
  </testcase> <!-- TC3 -->
  <system-out>
    <![CDATA[Test Case Pass
Test Case Pass
Test Case Pass]]>
  </system-out>
</testsuite> <!-- TestNG.Eamialbl_Report -->
