<?xml version="1.0" encoding="UTF-8"?>
<!-- Generated by org.testng.reporters.JUnitReportReporter -->
<testsuite hostname="ASUS" failures="0" tests="2" name="TestNG.example_Suite_sample3" time="0.004" errors="0" timestamp="2025-06-07T17:21:48 IST" skipped="0">
  <testcase classname="TestNG.example_Suite_sample3" name="TC5" time="0.002">
    <system-out>
      <![CDATA[Running test case TC5]]>
    </system-out>
  </testcase> <!-- TC5 -->
  <testcase classname="TestNG.example_Suite_sample3" name="TC6" time="0.002">
    <system-out>
      <![CDATA[Running test case TC6]]>
    </system-out>
  </testcase> <!-- TC6 -->
  <system-out>
    <![CDATA[Running test case TC1
Running test case TC2
Running test case TC3
Running test case TC4
Running test case TC5
Running test case TC6
Running test case TC8
Running test case TC8]]>
  </system-out>
</testsuite> <!-- TestNG.example_Suite_sample3 -->
