<?xml version="1.0" encoding="UTF-8"?>
<!-- Generated by org.testng.reporters.JUnitReportReporter -->
<testsuite hostname="ASUS" failures="0" tests="2" name="TestNG.example22_Multibrowsing_Testing" time="40.231" errors="0" timestamp="2025-06-07T21:00:09 IST" skipped="0">
  <testcase classname="TestNG.example22_Multibrowsing_Testing" name="TC1" time="20.839"/>
  <testcase classname="TestNG.example22_Multibrowsing_Testing" name="TC1" time="19.392"/>
</testsuite> <!-- TestNG.example22_Multibrowsing_Testing -->
