<?xml version="1.0" encoding="UTF-8"?>
<!-- Generated by org.testng.reporters.JUnitReportReporter -->
<testsuite hostname="ASUS" failures="0" tests="1" name="TestNG.test" time="12.145" errors="0" timestamp="2025-06-07T18:55:17 IST" skipped="0">
  <testcase classname="TestNG.test" name="tc1" time="12.145"/>
</testsuite> <!-- TestNG.test -->
