<?xml version="1.0" encoding="UTF-8"?>
<!-- Generated by org.testng.reporters.JUnitReportReporter -->
<testsuite hostname="ASUS" failures="0" tests="3" name="TestNG.TestNG_Annotation" time="0.017" errors="0" timestamp="2025-06-07T12:15:28 IST" skipped="0">
  <testcase classname="TestNG.TestNG_Annotation" name="TC2" time="0.003">
    <system-out>
      <![CDATA[Test Case passed]]>
    </system-out>
  </testcase> <!-- TC2 -->
  <testcase classname="TestNG.TestNG_Annotation" name="TC3" time="0.003">
    <system-out>
      <![CDATA[Test Case passed]]>
    </system-out>
  </testcase> <!-- TC3 -->
  <testcase classname="TestNG.TestNG_Annotation" name="TC1" time="0.011">
    <system-out>
      <![CDATA[Test Case passed]]>
    </system-out>
  </testcase> <!-- TC1 -->
  <system-out>
    <![CDATA[---@Before Suite---
---@Before Test---
---@Before class---
---@Before method---
Test Case passed
---@After Method---
---@Before method---
Test Case passed
---@After Method---
---@Before method---
Test Case passed
---@After Method---
---@After Class---
---@After Suite---]]>
  </system-out>
</testsuite> <!-- TestNG.TestNG_Annotation -->
