<?xml version="1.0" encoding="UTF-8"?>
<!-- Generated by org.testng.reporters.JUnitReportReporter -->
<testsuite hostname="ASUS" failures="0" tests="2" name="POM_DDF_TestNG.Hrm_Login_Test1" time="4.085" errors="0" timestamp="2025-06-08T01:22:55 IST" skipped="1">
  <testcase classname="POM_DDF_TestNG.Hrm_Login_Test1" name="verifyProfile" time="4.085"/>
  <testcase classname="POM_DDF_TestNG.Hrm_Login_Test1" name="verifyClaimID">
    <skipped/>
  </testcase> <!-- verifyClaimID -->
  <system-out>
    <![CDATA[executed]]>
  </system-out>
</testsuite> <!-- POM_DDF_TestNG.Hrm_Login_Test1 -->
