<?xml version="1.0" encoding="UTF-8"?>
<!-- Generated by org.testng.reporters.JUnitReportReporter -->
<testsuite hostname="ASUS" failures="0" tests="2" name="TestNG.TestNG_Annotations_2" time="0.007" errors="0" timestamp="2025-06-07T13:03:56 IST" skipped="0">
  <testcase classname="TestNG.TestNG_Annotations_2" name="VerifyDashBoard" time="0.005">
    <system-out>
      <![CDATA[Running verify Dashboard]]>
    </system-out>
  </testcase> <!-- VerifyDashBoard -->
  <testcase classname="TestNG.TestNG_Annotations_2" name="VerifyUserName" time="0.002">
    <system-out>
      <![CDATA[Running verify Profile Name]]>
    </system-out>
  </testcase> <!-- VerifyUserName -->
  <system-out>
    <![CDATA[Open Browser
Login To App
Running verify Dashboard
Logout from App
Login To App
Running verify Profile Name
Logout from App
Close Browser]]>
  </system-out>
</testsuite> <!-- TestNG.TestNG_Annotations_2 -->
